<?xml version="1.0" encoding="UTF-8"?>
<!-- Generated by org.testng.reporters.JUnitXMLReporter -->
<testsuite ignored="0" hostname="DESKTOP-DJ4FDME" failures="0" tests="3" name="Default test" time="15.85" errors="0" timestamp="2025-03-12T21:21:40 IST">
  <testcase classname="org.wipro.auto.uo.testcases.SignupScenario_DDF" name="tc02_validate_valid_signup_func" time="1.838"/>
  <testcase classname="org.wipro.auto.uo.testcases.SignupScenario_DDF" name="tc02_validate_valid_signup_func" time="1.845"/>
  <testcase classname="org.wipro.auto.uo.testcases.SignupScenario_DDF" name="tc02_validate_valid_signup_func" time="1.889"/>
</testsuite> <!-- Default test -->
