<?xml version="1.0" encoding="UTF-8"?>
<!-- Generated by org.testng.reporters.JUnitXMLReporter -->
<testsuite ignored="77" hostname="DESKTOP-DJ4FDME" failures="0" tests="1" name="Test" time="0.118" errors="0" timestamp="2025-03-11T08:00:42 IST">
  <testcase classname="testNGDemo.LoginScenario10" name="third_testcase" time="0.019"/>
  <testcase classname="testNGDemo.LoginScenario13" name="forth_testcase" time="0.0">
    <ignored/>
  </testcase> <!-- forth_testcase -->
  <testcase classname="testNGDemo.LoginScenario11" name="first_testcase" time="0.0">
    <ignored/>
  </testcase> <!-- first_testcase -->
  <testcase classname="testNGDemo.LoginScenario4" name="third_testcase" time="0.0">
    <ignored/>
  </testcase> <!-- third_testcase -->
  <testcase classname="testNGDemo.LoginScenario9" name="second_testcase" time="0.0">
    <ignored/>
  </testcase> <!-- second_testcase -->
  <testcase classname="testNGDemo.LoginScenario4" name="first_testcase" time="0.0">
    <ignored/>
  </testcase> <!-- first_testcase -->
  <testcase classname="testNGDemo.LoginScenario8" name="third_testcase" time="0.0">
    <ignored/>
  </testcase> <!-- third_testcase -->
  <testcase classname="testNGDemo.LoginScenario8" name="first_testcase" time="0.0">
    <ignored/>
  </testcase> <!-- first_testcase -->
  <testcase classname="testNGDemo.LoginScenario6" name="fifth_testcase" time="0.0">
    <ignored/>
  </testcase> <!-- fifth_testcase -->
  <testcase classname="testNGDemo.LoginScenario" name="first_testcase" time="0.0">
    <ignored/>
  </testcase> <!-- first_testcase -->
  <testcase classname="testNGDemo.LoginScenario12" name="sixth_testcase" time="0.0">
    <ignored/>
  </testcase> <!-- sixth_testcase -->
  <testcase classname="testNGDemo.LoginScenario4" name="second_testcase" time="0.0">
    <ignored/>
  </testcase> <!-- second_testcase -->
  <testcase classname="testNGDemo.LoginScenario13" name="sixth_testcase" time="0.0">
    <ignored/>
  </testcase> <!-- sixth_testcase -->
  <testcase classname="testNGDemo.LoginScenario3" name="third_testcase" time="0.0">
    <ignored/>
  </testcase> <!-- third_testcase -->
  <testcase classname="testNGDemo.LoginScenario7" name="third_testcase" time="0.0">
    <ignored/>
  </testcase> <!-- third_testcase -->
  <testcase classname="testNGDemo.LoginScenario11" name="third_testcase" time="0.0">
    <ignored/>
  </testcase> <!-- third_testcase -->
  <testcase classname="testNGDemo.LoginScenario13" name="fifth_testcase" time="0.0">
    <ignored/>
  </testcase> <!-- fifth_testcase -->
  <testcase classname="testNGDemo.LoginScenario3" name="sixth_testcase" time="0.0">
    <ignored/>
  </testcase> <!-- sixth_testcase -->
  <testcase classname="testNGDemo.LoginScenario3" name="fifth_testcase" time="0.0">
    <ignored/>
  </testcase> <!-- fifth_testcase -->
  <testcase classname="testNGDemo.LoginScenario7" name="sixth_testcase" time="0.0">
    <ignored/>
  </testcase> <!-- sixth_testcase -->
  <testcase classname="testNGDemo.LoginScenario7" name="fifth_testcase" time="0.0">
    <ignored/>
  </testcase> <!-- fifth_testcase -->
  <testcase classname="testNGDemo.LoginScenario11" name="second_testcase" time="0.0">
    <ignored/>
  </testcase> <!-- second_testcase -->
  <testcase classname="testNGDemo.LoginScenario5" name="first_testcase" time="0.0">
    <ignored/>
  </testcase> <!-- first_testcase -->
  <testcase classname="testNGDemo.LoginScenario5" name="third_testcase" time="0.0">
    <ignored/>
  </testcase> <!-- third_testcase -->
  <testcase classname="testNGDemo.LoginScenario11" name="sixth_testcase" time="0.0">
    <ignored/>
  </testcase> <!-- sixth_testcase -->
  <testcase classname="testNGDemo.LoginScenario8" name="second_testcase" time="0.0">
    <ignored/>
  </testcase> <!-- second_testcase -->
  <testcase classname="testNGDemo.LoginScenario9" name="fifth_testcase" time="0.0">
    <ignored/>
  </testcase> <!-- fifth_testcase -->
  <testcase classname="testNGDemo.LoginScenario7" name="second_testcase" time="0.0">
    <ignored/>
  </testcase> <!-- second_testcase -->
  <testcase classname="testNGDemo.LoginScenario7" name="forth_testcase" time="0.0">
    <ignored/>
  </testcase> <!-- forth_testcase -->
  <testcase classname="testNGDemo.LoginScenario8" name="sixth_testcase" time="0.0">
    <ignored/>
  </testcase> <!-- sixth_testcase -->
  <testcase classname="testNGDemo.LoginScenario9" name="third_testcase" time="0.0">
    <ignored/>
  </testcase> <!-- third_testcase -->
  <testcase classname="testNGDemo.LoginScenario9" name="first_testcase" time="0.0">
    <ignored/>
  </testcase> <!-- first_testcase -->
  <testcase classname="testNGDemo.LoginScenario8" name="fifth_testcase" time="0.0">
    <ignored/>
  </testcase> <!-- fifth_testcase -->
  <testcase classname="testNGDemo.LoginScenario2" name="third_testcase" time="0.0">
    <ignored/>
  </testcase> <!-- third_testcase -->
  <testcase classname="testNGDemo.LoginScenario12" name="forth_testcase" time="0.0">
    <ignored/>
  </testcase> <!-- forth_testcase -->
  <testcase classname="testNGDemo.LoginScenario2" name="forth_testcase" time="0.0">
    <ignored/>
  </testcase> <!-- forth_testcase -->
  <testcase classname="testNGDemo.LoginScenario2" name="first_testcase" time="0.0">
    <ignored/>
  </testcase> <!-- first_testcase -->
  <testcase classname="testNGDemo.LoginScenario2" name="fifth_testcase" time="0.0">
    <ignored/>
  </testcase> <!-- fifth_testcase -->
  <testcase classname="testNGDemo.LoginScenario2" name="sixth_testcase" time="0.0">
    <ignored/>
  </testcase> <!-- sixth_testcase -->
  <testcase classname="testNGDemo.LoginScenario5" name="forth_testcase" time="0.0">
    <ignored/>
  </testcase> <!-- forth_testcase -->
  <testcase classname="testNGDemo.LoginScenario5" name="second_testcase" time="0.0">
    <ignored/>
  </testcase> <!-- second_testcase -->
  <testcase classname="testNGDemo.LoginScenario" name="sixth_testcase" time="0.0">
    <ignored/>
  </testcase> <!-- sixth_testcase -->
  <testcase classname="testNGDemo.LoginScenario4" name="forth_testcase" time="0.0">
    <ignored/>
  </testcase> <!-- forth_testcase -->
  <testcase classname="testNGDemo.LoginScenario12" name="second_testcase" time="0.0">
    <ignored/>
  </testcase> <!-- second_testcase -->
  <testcase classname="testNGDemo.LoginScenario" name="second_testcase" time="0.0">
    <ignored/>
  </testcase> <!-- second_testcase -->
  <testcase classname="testNGDemo.LoginScenario10" name="forth_testcase" time="0.0">
    <ignored/>
  </testcase> <!-- forth_testcase -->
  <testcase classname="testNGDemo.LoginScenario" name="fifth_testcase" time="0.0">
    <ignored/>
  </testcase> <!-- fifth_testcase -->
  <testcase classname="testNGDemo.LoginScenario6" name="second_testcase" time="0.0">
    <ignored/>
  </testcase> <!-- second_testcase -->
  <testcase classname="testNGDemo.LoginScenario6" name="sixth_testcase" time="0.0">
    <ignored/>
  </testcase> <!-- sixth_testcase -->
  <testcase classname="testNGDemo.LoginScenario11" name="forth_testcase" time="0.0">
    <ignored/>
  </testcase> <!-- forth_testcase -->
  <testcase classname="testNGDemo.LoginScenario3" name="first_testcase" time="0.0">
    <ignored/>
  </testcase> <!-- first_testcase -->
  <testcase classname="testNGDemo.LoginScenario12" name="third_testcase" time="0.0">
    <ignored/>
  </testcase> <!-- third_testcase -->
  <testcase classname="testNGDemo.LoginScenario8" name="forth_testcase" time="0.0">
    <ignored/>
  </testcase> <!-- forth_testcase -->
  <testcase classname="testNGDemo.LoginScenario7" name="first_testcase" time="0.0">
    <ignored/>
  </testcase> <!-- first_testcase -->
  <testcase classname="testNGDemo.LoginScenario9" name="forth_testcase" time="0.0">
    <ignored/>
  </testcase> <!-- forth_testcase -->
  <testcase classname="testNGDemo.LoginScenario12" name="fifth_testcase" time="0.0">
    <ignored/>
  </testcase> <!-- fifth_testcase -->
  <testcase classname="testNGDemo.LoginScenario13" name="second_testcase" time="0.0">
    <ignored/>
  </testcase> <!-- second_testcase -->
  <testcase classname="testNGDemo.LoginScenario3" name="forth_testcase" time="0.0">
    <ignored/>
  </testcase> <!-- forth_testcase -->
  <testcase classname="testNGDemo.LoginScenario13" name="first_testcase" time="0.0">
    <ignored/>
  </testcase> <!-- first_testcase -->
  <testcase classname="testNGDemo.LoginScenario12" name="first_testcase" time="0.0">
    <ignored/>
  </testcase> <!-- first_testcase -->
  <testcase classname="testNGDemo.LoginScenario5" name="sixth_testcase" time="0.0">
    <ignored/>
  </testcase> <!-- sixth_testcase -->
  <testcase classname="testNGDemo.LoginScenario5" name="fifth_testcase" time="0.0">
    <ignored/>
  </testcase> <!-- fifth_testcase -->
  <testcase classname="testNGDemo.LoginScenario13" name="third_testcase" time="0.0">
    <ignored/>
  </testcase> <!-- third_testcase -->
  <testcase classname="testNGDemo.LoginScenario6" name="third_testcase" time="0.0">
    <ignored/>
  </testcase> <!-- third_testcase -->
  <testcase classname="testNGDemo.LoginScenario6" name="first_testcase" time="0.0">
    <ignored/>
  </testcase> <!-- first_testcase -->
  <testcase classname="testNGDemo.LoginScenario9" name="sixth_testcase" time="0.0">
    <ignored/>
  </testcase> <!-- sixth_testcase -->
  <testcase classname="testNGDemo.LoginScenario10" name="sixth_testcase" time="0.0">
    <ignored/>
  </testcase> <!-- sixth_testcase -->
  <testcase classname="testNGDemo.LoginScenario11" name="fifth_testcase" time="0.0">
    <ignored/>
  </testcase> <!-- fifth_testcase -->
  <testcase classname="testNGDemo.LoginScenario10" name="second_testcase" time="0.0">
    <ignored/>
  </testcase> <!-- second_testcase -->
  <testcase classname="testNGDemo.LoginScenario3" name="second_testcase" time="0.0">
    <ignored/>
  </testcase> <!-- second_testcase -->
  <testcase classname="testNGDemo.LoginScenario2" name="second_testcase" time="0.0">
    <ignored/>
  </testcase> <!-- second_testcase -->
  <testcase classname="testNGDemo.LoginScenario" name="forth_testcase" time="0.0">
    <ignored/>
  </testcase> <!-- forth_testcase -->
  <testcase classname="testNGDemo.LoginScenario" name="third_testcase" time="0.0">
    <ignored/>
  </testcase> <!-- third_testcase -->
  <testcase classname="testNGDemo.LoginScenario6" name="forth_testcase" time="0.0">
    <ignored/>
  </testcase> <!-- forth_testcase -->
  <testcase classname="testNGDemo.LoginScenario10" name="fifth_testcase" time="0.0">
    <ignored/>
  </testcase> <!-- fifth_testcase -->
  <testcase classname="testNGDemo.LoginScenario10" name="first_testcase" time="0.0">
    <ignored/>
  </testcase> <!-- first_testcase -->
  <testcase classname="testNGDemo.LoginScenario4" name="fifth_testcase" time="0.0">
    <ignored/>
  </testcase> <!-- fifth_testcase -->
  <testcase classname="testNGDemo.LoginScenario4" name="sixth_testcase" time="0.0">
    <ignored/>
  </testcase> <!-- sixth_testcase -->
</testsuite> <!-- Test -->
