<?xml version="1.0" encoding="UTF-8"?>
<!-- Generated by org.testng.reporters.JUnitXMLReporter -->
<testsuite ignored="27" hostname="DESKTOP-DJ4FDME" failures="8" tests="9" name="Test(failed)" time="0.181" errors="0" timestamp="2025-03-11T07:50:22 IST">
  <testcase classname="testNGDemo.LoginScenario3" name="fifth_testcase" time="0.029">
    <failure type="java.lang.AssertionError" message="expected [Hello world] but found [Hello]">
      <![CDATA[java.lang.AssertionError: expected [Hello world] but found [Hello]
at testNGDemo.LoginScenario3.fifth_testcase(LoginScenario3.java:39)
at java.base/java.util.ArrayList.forEach(ArrayList.java:1597)
... Removed 31 stack frames]]>
    </failure>
  </testcase> <!-- fifth_testcase -->
  <testcase classname="testNGDemo.LoginScenario3" name="third_testcase" time="0.002">
    <failure type="java.lang.AssertionError" message="expected [Hello world] but found [Hello]">
      <![CDATA[java.lang.AssertionError: expected [Hello world] but found [Hello]
at testNGDemo.LoginScenario3.third_testcase(LoginScenario3.java:26)
at java.base/java.util.ArrayList.forEach(ArrayList.java:1597)
... Removed 31 stack frames]]>
    </failure>
  </testcase> <!-- third_testcase -->
  <testcase classname="testNGDemo.LoginScenario7" name="second_testcase" time="0.004">
    <failure type="java.lang.AssertionError" message="expected [Hello world] but found [Hello]">
      <![CDATA[java.lang.AssertionError: expected [Hello world] but found [Hello]
at testNGDemo.LoginScenario7.second_testcase(LoginScenario7.java:20)
at java.base/java.util.ArrayList.forEach(ArrayList.java:1597)
... Removed 31 stack frames]]>
    </failure>
  </testcase> <!-- second_testcase -->
  <testcase classname="testNGDemo.LoginScenario7" name="sixth_testcase" time="0.003">
    <failure type="java.lang.AssertionError" message="expected [Hello world] but found [Hello]">
      <![CDATA[java.lang.AssertionError: expected [Hello world] but found [Hello]
at testNGDemo.LoginScenario7.sixth_testcase(LoginScenario7.java:45)
at java.base/java.util.ArrayList.forEach(ArrayList.java:1597)
... Removed 31 stack frames]]>
    </failure>
  </testcase> <!-- sixth_testcase -->
  <testcase classname="testNGDemo.LoginScenario" name="first_testcase" time="0.003">
    <failure type="java.lang.AssertionError" message="expected [Hello world] but found [Hello]">
      <![CDATA[java.lang.AssertionError: expected [Hello world] but found [Hello]
at testNGDemo.LoginScenario.first_testcase(LoginScenario.java:14)
at java.base/java.util.ArrayList.forEach(ArrayList.java:1597)
... Removed 31 stack frames]]>
    </failure>
  </testcase> <!-- first_testcase -->
  <testcase classname="testNGDemo.LoginScenario13" name="second_testcase" time="0.002">
    <failure type="java.lang.AssertionError" message="expected [Hello world] but found [Hello]">
      <![CDATA[java.lang.AssertionError: expected [Hello world] but found [Hello]
at testNGDemo.LoginScenario13.second_testcase(LoginScenario13.java:20)
at java.base/java.util.ArrayList.forEach(ArrayList.java:1597)
... Removed 31 stack frames]]>
    </failure>
  </testcase> <!-- second_testcase -->
  <testcase classname="testNGDemo.LoginScenario4" name="third_testcase" time="0.002">
    <failure type="java.lang.AssertionError" message="expected [true] but found [false]">
      <![CDATA[java.lang.AssertionError: expected [true] but found [false]
at testNGDemo.LoginScenario4.third_testcase(LoginScenario4.java:26)
at java.base/java.util.ArrayList.forEach(ArrayList.java:1597)
... Removed 32 stack frames]]>
    </failure>
  </testcase> <!-- third_testcase -->
  <testcase classname="testNGDemo.LoginScenario4" name="forth_testcase" time="0.0">
    <skipped/>
  </testcase> <!-- forth_testcase -->
  <testcase classname="testNGDemo.LoginScenario5" name="sixth_testcase" time="0.002">
    <failure type="java.lang.AssertionError" message="expected [Hello world] but found [Hello]">
      <![CDATA[java.lang.AssertionError: expected [Hello world] but found [Hello]
at testNGDemo.LoginScenario5.sixth_testcase(LoginScenario5.java:44)
at java.base/java.util.ArrayList.forEach(ArrayList.java:1597)
... Removed 31 stack frames]]>
    </failure>
  </testcase> <!-- sixth_testcase -->
  <testcase classname="testNGDemo.LoginScenario13" name="forth_testcase" time="0.0">
    <ignored/>
  </testcase> <!-- forth_testcase -->
  <testcase classname="testNGDemo.LoginScenario4" name="sixth_testcase" time="0.0">
    <ignored/>
  </testcase> <!-- sixth_testcase -->
  <testcase classname="testNGDemo.LoginScenario5" name="forth_testcase" time="0.0">
    <ignored/>
  </testcase> <!-- forth_testcase -->
  <testcase classname="testNGDemo.LoginScenario" name="second_testcase" time="0.0">
    <ignored/>
  </testcase> <!-- second_testcase -->
  <testcase classname="testNGDemo.LoginScenario3" name="second_testcase" time="0.0">
    <ignored/>
  </testcase> <!-- second_testcase -->
  <testcase classname="testNGDemo.LoginScenario4" name="fifth_testcase" time="0.0">
    <ignored/>
  </testcase> <!-- fifth_testcase -->
  <testcase classname="testNGDemo.LoginScenario5" name="first_testcase" time="0.0">
    <ignored/>
  </testcase> <!-- first_testcase -->
  <testcase classname="testNGDemo.LoginScenario5" name="second_testcase" time="0.0">
    <ignored/>
  </testcase> <!-- second_testcase -->
  <testcase classname="testNGDemo.LoginScenario3" name="sixth_testcase" time="0.0">
    <ignored/>
  </testcase> <!-- sixth_testcase -->
  <testcase classname="testNGDemo.LoginScenario" name="forth_testcase" time="0.0">
    <ignored/>
  </testcase> <!-- forth_testcase -->
  <testcase classname="testNGDemo.LoginScenario7" name="forth_testcase" time="0.0">
    <ignored/>
  </testcase> <!-- forth_testcase -->
  <testcase classname="testNGDemo.LoginScenario" name="sixth_testcase" time="0.0">
    <ignored/>
  </testcase> <!-- sixth_testcase -->
  <testcase classname="testNGDemo.LoginScenario4" name="second_testcase" time="0.0">
    <ignored/>
  </testcase> <!-- second_testcase -->
  <testcase classname="testNGDemo.LoginScenario" name="fifth_testcase" time="0.0">
    <ignored/>
  </testcase> <!-- fifth_testcase -->
  <testcase classname="testNGDemo.LoginScenario7" name="first_testcase" time="0.0">
    <ignored/>
  </testcase> <!-- first_testcase -->
  <testcase classname="testNGDemo.LoginScenario3" name="first_testcase" time="0.0">
    <ignored/>
  </testcase> <!-- first_testcase -->
  <testcase classname="testNGDemo.LoginScenario13" name="third_testcase" time="0.0">
    <ignored/>
  </testcase> <!-- third_testcase -->
  <testcase classname="testNGDemo.LoginScenario3" name="forth_testcase" time="0.0">
    <ignored/>
  </testcase> <!-- forth_testcase -->
  <testcase classname="testNGDemo.LoginScenario5" name="fifth_testcase" time="0.0">
    <ignored/>
  </testcase> <!-- fifth_testcase -->
  <testcase classname="testNGDemo.LoginScenario7" name="third_testcase" time="0.0">
    <ignored/>
  </testcase> <!-- third_testcase -->
  <testcase classname="testNGDemo.LoginScenario" name="third_testcase" time="0.0">
    <ignored/>
  </testcase> <!-- third_testcase -->
  <testcase classname="testNGDemo.LoginScenario13" name="sixth_testcase" time="0.0">
    <ignored/>
  </testcase> <!-- sixth_testcase -->
  <testcase classname="testNGDemo.LoginScenario5" name="third_testcase" time="0.0">
    <ignored/>
  </testcase> <!-- third_testcase -->
  <testcase classname="testNGDemo.LoginScenario7" name="fifth_testcase" time="0.0">
    <ignored/>
  </testcase> <!-- fifth_testcase -->
  <testcase classname="testNGDemo.LoginScenario4" name="first_testcase" time="0.0">
    <ignored/>
  </testcase> <!-- first_testcase -->
  <testcase classname="testNGDemo.LoginScenario13" name="fifth_testcase" time="0.0">
    <ignored/>
  </testcase> <!-- fifth_testcase -->
  <testcase classname="testNGDemo.LoginScenario13" name="first_testcase" time="0.0">
    <ignored/>
  </testcase> <!-- first_testcase -->
</testsuite> <!-- Test(failed) -->
