<?xml version="1.0" encoding="UTF-8"?>
<testng-results ignored="0" total="3" passed="3" failed="0" skipped="0">
  <reporter-output>
  </reporter-output>
  <suite started-at="2025-03-12T21:21:24 IST" name="Default suite" finished-at="2025-03-12T21:21:40 IST" duration-ms="15850">
    <groups>
    </groups>
    <test started-at="2025-03-12T21:21:24 IST" name="Default test" finished-at="2025-03-12T21:21:40 IST" duration-ms="15850">
      <class name="org.wipro.auto.uo.testcases.SignupScenario_DDF">
        <test-method is-config="true" signature="launchBrowser()[pri:0, instance:org.wipro.auto.uo.testcases.SignupScenario_DDF@55b0dcab]" started-at="2025-03-12T21:21:24 IST" name="launchBrowser" finished-at="2025-03-12T21:21:28 IST" duration-ms="3933" status="PASS">
          <reporter-output>
          </reporter-output>
        </test-method> <!-- launchBrowser -->
        <test-method signature="tc02_validate_valid_signup_func(java.lang.String,java.lang.String)[pri:0, instance:org.wipro.auto.uo.testcases.SignupScenario_DDF@55b0dcab]" started-at="2025-03-12T21:21:28 IST" name="tc02_validate_valid_signup_func" data-provider="sign" finished-at="2025-03-12T21:21:30 IST" duration-ms="1838" status="PASS">
          <params>
            <param index="0">
              <value>
                <![CDATA[David]]>
              </value>
            </param>
            <param index="1">
              <value>
                <![CDATA[John]]>
              </value>
            </param>
          </params>
          <reporter-output>
          </reporter-output>
        </test-method> <!-- tc02_validate_valid_signup_func -->
        <test-method is-config="true" signature="closeBrowser()[pri:0, instance:org.wipro.auto.uo.testcases.SignupScenario_DDF@55b0dcab]" started-at="2025-03-12T21:21:30 IST" name="closeBrowser" finished-at="2025-03-12T21:21:30 IST" duration-ms="1" status="PASS">
          <reporter-output>
          </reporter-output>
        </test-method> <!-- closeBrowser -->
        <test-method is-config="true" signature="launchBrowser()[pri:0, instance:org.wipro.auto.uo.testcases.SignupScenario_DDF@55b0dcab]" started-at="2025-03-12T21:21:30 IST" name="launchBrowser" finished-at="2025-03-12T21:21:33 IST" duration-ms="3027" status="PASS">
          <reporter-output>
          </reporter-output>
        </test-method> <!-- launchBrowser -->
        <test-method signature="tc02_validate_valid_signup_func(java.lang.String,java.lang.String)[pri:0, instance:org.wipro.auto.uo.testcases.SignupScenario_DDF@55b0dcab]" started-at="2025-03-12T21:21:33 IST" name="tc02_validate_valid_signup_func" data-provider="sign" finished-at="2025-03-12T21:21:34 IST" duration-ms="1845" status="PASS">
          <params>
            <param index="0">
              <value>
                <![CDATA[Alex]]>
              </value>
            </param>
            <param index="1">
              <value>
                <![CDATA[Neena]]>
              </value>
            </param>
          </params>
          <reporter-output>
          </reporter-output>
        </test-method> <!-- tc02_validate_valid_signup_func -->
        <test-method is-config="true" signature="closeBrowser()[pri:0, instance:org.wipro.auto.uo.testcases.SignupScenario_DDF@55b0dcab]" started-at="2025-03-12T21:21:35 IST" name="closeBrowser" finished-at="2025-03-12T21:21:35 IST" duration-ms="1" status="PASS">
          <reporter-output>
          </reporter-output>
        </test-method> <!-- closeBrowser -->
        <test-method is-config="true" signature="launchBrowser()[pri:0, instance:org.wipro.auto.uo.testcases.SignupScenario_DDF@55b0dcab]" started-at="2025-03-12T21:21:35 IST" name="launchBrowser" finished-at="2025-03-12T21:21:38 IST" duration-ms="3193" status="PASS">
          <reporter-output>
          </reporter-output>
        </test-method> <!-- launchBrowser -->
        <test-method signature="tc02_validate_valid_signup_func(java.lang.String,java.lang.String)[pri:0, instance:org.wipro.auto.uo.testcases.SignupScenario_DDF@55b0dcab]" started-at="2025-03-12T21:21:38 IST" name="tc02_validate_valid_signup_func" data-provider="sign" finished-at="2025-03-12T21:21:40 IST" duration-ms="1889" status="PASS">
          <params>
            <param index="0">
              <value>
                <![CDATA[Reena]]>
              </value>
            </param>
            <param index="1">
              <value>
                <![CDATA[Rowa]]>
              </value>
            </param>
          </params>
          <reporter-output>
          </reporter-output>
        </test-method> <!-- tc02_validate_valid_signup_func -->
        <test-method is-config="true" signature="closeBrowser()[pri:0, instance:org.wipro.auto.uo.testcases.SignupScenario_DDF@55b0dcab]" started-at="2025-03-12T21:21:40 IST" name="closeBrowser" finished-at="2025-03-12T21:21:40 IST" duration-ms="11" status="PASS">
          <reporter-output>
          </reporter-output>
        </test-method> <!-- closeBrowser -->
      </class> <!-- org.wipro.auto.uo.testcases.SignupScenario_DDF -->
    </test> <!-- Default test -->
  </suite> <!-- Default suite -->
</testng-results>
